Building DAG of jobs...
Using shell: /bin/bash
Provided cluster nodes: 100
Job counts:
	count	jobs
	1	CheckRawReadsQC
	1	all
	2

[Fri Apr  1 17:06:31 2022]
rule CheckRawReadsQC:
    input: /scratch/lix33/Test/Pacbio/StdPipeline/Data/Build_readslist_2022-04-01
    output: /scratch/lix33/Test/Pacbio/StdPipeline/Data/Build_readslist_2022-04-01/Report/NanoPlot/NanoPlot-report.html
    log: /scratch/lix33/Test/Pacbio/StdPipeline/Data/Build_readslist_2022-04-01/Log/NanoPlot/NanoPlot.log
    jobid: 1
    benchmark: /scratch/lix33/Test/Pacbio/StdPipeline/Data/Build_readslist_2022-04-01/Benchmark/NanoPlot/NanoPlot.benchmark.txt
    wildcards: wcBuildList=/scratch/lix33/Test/Pacbio/StdPipeline/Data/Build_readslist_2022-04-01
    threads: 8

Submitted job 1 with external jobid 'Your job 3738551 ("snakejob.CheckRawReadsQC.1.sh") has been submitted'.
[Fri Apr  1 17:07:01 2022]
Error in rule CheckRawReadsQC:
    jobid: 1
    output: /scratch/lix33/Test/Pacbio/StdPipeline/Data/Build_readslist_2022-04-01/Report/NanoPlot/NanoPlot-report.html
    log: /scratch/lix33/Test/Pacbio/StdPipeline/Data/Build_readslist_2022-04-01/Log/NanoPlot/NanoPlot.log
    cluster_jobid: Your job 3738551 ("snakejob.CheckRawReadsQC.1.sh") has been submitted

Trying to restart job 1.

[Fri Apr  1 17:07:01 2022]
rule CheckRawReadsQC:
    input: /scratch/lix33/Test/Pacbio/StdPipeline/Data/Build_readslist_2022-04-01
    output: /scratch/lix33/Test/Pacbio/StdPipeline/Data/Build_readslist_2022-04-01/Report/NanoPlot/NanoPlot-report.html
    log: /scratch/lix33/Test/Pacbio/StdPipeline/Data/Build_readslist_2022-04-01/Log/NanoPlot/NanoPlot.log
    jobid: 1
    benchmark: /scratch/lix33/Test/Pacbio/StdPipeline/Data/Build_readslist_2022-04-01/Benchmark/NanoPlot/NanoPlot.benchmark.txt
    wildcards: wcBuildList=/scratch/lix33/Test/Pacbio/StdPipeline/Data/Build_readslist_2022-04-01
    threads: 8

Submitted job 1 with external jobid 'Your job 3738552 ("snakejob.CheckRawReadsQC.1.sh") has been submitted'.
[Fri Apr  1 17:07:41 2022]
Error in rule CheckRawReadsQC:
    jobid: 1
    output: /scratch/lix33/Test/Pacbio/StdPipeline/Data/Build_readslist_2022-04-01/Report/NanoPlot/NanoPlot-report.html
    log: /scratch/lix33/Test/Pacbio/StdPipeline/Data/Build_readslist_2022-04-01/Log/NanoPlot/NanoPlot.log
    cluster_jobid: Your job 3738552 ("snakejob.CheckRawReadsQC.1.sh") has been submitted

Job failed, going on with independent jobs.
Exiting because a job execution failed. Look above for error message
Complete log: /scratch/lix33/lxwg/SourceCode/PacbioSV/SourceCode/DownstreamAnalysis/STDCallSV/.snakemake/log/2022-04-01T170631.368993.snakemake.log
