Building DAG of jobs...
Using shell: /bin/bash
Provided cluster nodes: 100
Job stats:
job                count    min threads    max threads
---------------  -------  -------------  -------------
CheckRawReadsQC        1              8              8
all                    1              1              1
total                  2              1              8

Select jobs to execute...

[Mon Apr  4 12:51:29 2022]
rule CheckRawReadsQC:
    input: /scratch/lix33/Test/Pacbio/StdPipeline/Data/Build_readslist_2022-04-01
    output: /scratch/lix33/Test/Pacbio/StdPipeline/Data/Build_readslist_2022-04-01/Report/NanoPlot/NanoPlot-report.html
    log: /scratch/lix33/Test/Pacbio/StdPipeline/Data/Build_readslist_2022-04-01/Log/NanoPlot/NanoPlot.log
    jobid: 1
    benchmark: /scratch/lix33/Test/Pacbio/StdPipeline/Data/Build_readslist_2022-04-01/Benchmark/NanoPlot/NanoPlot.benchmark.txt
    wildcards: wcBuildList=/scratch/lix33/Test/Pacbio/StdPipeline/Data/Build_readslist_2022-04-01
    threads: 8
    resources: mem_mb=1000, disk_mb=1000, tmpdir=/tmp/3754542.1.seq-calling.q

Submitted job 1 with external jobid 'Your job 3754543 ("snakejob.CheckRawReadsQC.1.sh") has been submitted'.
[Mon Apr  4 14:09:14 2022]
Finished job 1.
1 of 2 steps (50%) done
Select jobs to execute...

[Mon Apr  4 14:09:14 2022]
localrule all:
    input: /scratch/lix33/Test/Pacbio/StdPipeline/Data/Build_readslist_2022-04-01/Report/NanoPlot/NanoPlot-report.html
    jobid: 0
    resources: mem_mb=1000, disk_mb=1000, tmpdir=/tmp/3754542.1.seq-calling.q

[Mon Apr  4 14:09:14 2022]
Finished job 0.
2 of 2 steps (100%) done
Complete log: .snakemake/log/2022-04-04T125120.296872.snakemake.log
