Building DAG of jobs...
Using shell: /bin/bash
Provided cluster nodes: 100
Job stats:
job                count    min threads    max threads
---------------  -------  -------------  -------------
CheckRawReadsQC        1              8              8
all                    1              1              1
total                  2              1              8

Select jobs to execute...

[Fri Apr  1 18:01:12 2022]
rule CheckRawReadsQC:
    input: /scratch/lix33/Test/Pacbio/StdPipeline/Data/Build_readslist_2022-04-01
    output: /scratch/lix33/Test/Pacbio/StdPipeline/Data/Build_readslist_2022-04-01/Report/NanoPlot/NanoPlot-report.html
    log: /scratch/lix33/Test/Pacbio/StdPipeline/Data/Build_readslist_2022-04-01/Log/NanoPlot/NanoPlot.log
    jobid: 1
    benchmark: /scratch/lix33/Test/Pacbio/StdPipeline/Data/Build_readslist_2022-04-01/Benchmark/NanoPlot/NanoPlot.benchmark.txt
    wildcards: wcBuildList=/scratch/lix33/Test/Pacbio/StdPipeline/Data/Build_readslist_2022-04-01
    threads: 8
    resources: mem_mb=1000, disk_mb=1000, tmpdir=/tmp

Submitted job 1 with external jobid 'Your job 3738571 ("snakejob.CheckRawReadsQC.1.sh") has been submitted'.
Terminating processes on user request, this might take some time.
No --cluster-cancel given. Will exit after finishing currently running jobs.
