Building DAG of jobs...
Using shell: /bin/bash
Provided cluster nodes: 100
Job stats:
job                count    min threads    max threads
---------------  -------  -------------  -------------
CheckRawReadsQC        1              8              8
all                    1              1              1
total                  2              1              8

Select jobs to execute...

[Fri Apr  1 17:27:03 2022]
rule CheckRawReadsQC:
    input: /scratch/lix33/Test/Pacbio/StdPipeline/Data/Build_readslist_2022-04-01
    output: /scratch/lix33/Test/Pacbio/StdPipeline/Data/Build_readslist_2022-04-01/Report/NanoPlot/NanoPlot-report.html
    log: /scratch/lix33/Test/Pacbio/StdPipeline/Data/Build_readslist_2022-04-01/Log/NanoPlot/NanoPlot.log
    jobid: 1
    benchmark: /scratch/lix33/Test/Pacbio/StdPipeline/Data/Build_readslist_2022-04-01/Benchmark/NanoPlot/NanoPlot.benchmark.txt
    wildcards: wcBuildList=/scratch/lix33/Test/Pacbio/StdPipeline/Data/Build_readslist_2022-04-01
    threads: 8
    resources: mem_mb=1000, disk_mb=1000, tmpdir=/tmp

Submitted job 1 with external jobid 'Your job 3738558 ("snakejob.CheckRawReadsQC.1.sh") has been submitted'.
[Fri Apr  1 17:27:33 2022]
Error in rule CheckRawReadsQC:
    jobid: 1
    output: /scratch/lix33/Test/Pacbio/StdPipeline/Data/Build_readslist_2022-04-01/Report/NanoPlot/NanoPlot-report.html
    log: /scratch/lix33/Test/Pacbio/StdPipeline/Data/Build_readslist_2022-04-01/Log/NanoPlot/NanoPlot.log (check log file(s) for error message)
    cluster_jobid: Your job 3738558 ("snakejob.CheckRawReadsQC.1.sh") has been submitted

Error executing rule CheckRawReadsQC on cluster (jobid: 1, external: Your job 3738558 ("snakejob.CheckRawReadsQC.1.sh") has been submitted, jobscript: /scratch/lix33/lxwg/SourceCode/PacbioSV/SourceCode/DownstreamAnalysis/STDCallSV/.snakemake/tmp.zn6lnq_2/snakejob.CheckRawReadsQC.1.sh). For error details see the cluster log and the log files of the involved rule(s).
Trying to restart job 1.
Select jobs to execute...

[Fri Apr  1 17:27:33 2022]
rule CheckRawReadsQC:
    input: /scratch/lix33/Test/Pacbio/StdPipeline/Data/Build_readslist_2022-04-01
    output: /scratch/lix33/Test/Pacbio/StdPipeline/Data/Build_readslist_2022-04-01/Report/NanoPlot/NanoPlot-report.html
    log: /scratch/lix33/Test/Pacbio/StdPipeline/Data/Build_readslist_2022-04-01/Log/NanoPlot/NanoPlot.log
    jobid: 1
    benchmark: /scratch/lix33/Test/Pacbio/StdPipeline/Data/Build_readslist_2022-04-01/Benchmark/NanoPlot/NanoPlot.benchmark.txt
    wildcards: wcBuildList=/scratch/lix33/Test/Pacbio/StdPipeline/Data/Build_readslist_2022-04-01
    threads: 8
    resources: mem_mb=1000, disk_mb=1000, tmpdir=/tmp

Submitted job 1 with external jobid 'Your job 3738559 ("snakejob.CheckRawReadsQC.1.sh") has been submitted'.
[Fri Apr  1 17:28:14 2022]
Error in rule CheckRawReadsQC:
    jobid: 1
    output: /scratch/lix33/Test/Pacbio/StdPipeline/Data/Build_readslist_2022-04-01/Report/NanoPlot/NanoPlot-report.html
    log: /scratch/lix33/Test/Pacbio/StdPipeline/Data/Build_readslist_2022-04-01/Log/NanoPlot/NanoPlot.log (check log file(s) for error message)
    cluster_jobid: Your job 3738559 ("snakejob.CheckRawReadsQC.1.sh") has been submitted

Error executing rule CheckRawReadsQC on cluster (jobid: 1, external: Your job 3738559 ("snakejob.CheckRawReadsQC.1.sh") has been submitted, jobscript: /scratch/lix33/lxwg/SourceCode/PacbioSV/SourceCode/DownstreamAnalysis/STDCallSV/.snakemake/tmp.zn6lnq_2/snakejob.CheckRawReadsQC.1.sh). For error details see the cluster log and the log files of the involved rule(s).
Job failed, going on with independent jobs.
Exiting because a job execution failed. Look above for error message
BUG: Out of jobs ready to be started, but not all files built yet. Please check https://github.com/snakemake/snakemake/issues/823 for more information.
Remaining jobs:
 - all: 
 - CheckRawReadsQC: /scratch/lix33/Test/Pacbio/StdPipeline/Data/Build_readslist_2022-04-01/Report/NanoPlot/NanoPlot-report.html
Complete log: .snakemake/log/2022-04-01T172701.111906.snakemake.log
