Building DAG of jobs...
Using shell: /bin/bash
Provided cluster nodes: 100
Job counts:
	count	jobs
	1	all
	1	call_sv
	8	discover_signatures
	10

[Thu Jun 10 17:50:38 2021]
rule discover_signatures:
    input: /CGF/Bioinformatics/Production/Wen/20191120_pacbio_24320/bam_location_post/UST1013-2000_SC064821.bam
    output: /scratch/lix33/lxwg/Test/pacbio/06_04_2021/sv/Signature/UST1013-2000_SC064821.svsig.gz
    jobid: 5
    wildcards: sample=UST1013-2000_SC064821

Submitted job 5 with external jobid 'Your job 1798262 ("snakejob.discover_signatures.5.sh") has been submitted'.

[Thu Jun 10 17:50:38 2021]
rule discover_signatures:
    input: /CGF/Bioinformatics/Production/Wen/20191120_pacbio_24320/bam_location_post/UST1037-2000_SC061918.bam
    output: /scratch/lix33/lxwg/Test/pacbio/06_04_2021/sv/Signature/UST1037-2000_SC061918.svsig.gz
    jobid: 2
    wildcards: sample=UST1037-2000_SC061918

Submitted job 2 with external jobid 'Your job 1798263 ("snakejob.discover_signatures.2.sh") has been submitted'.

[Thu Jun 10 17:50:38 2021]
rule discover_signatures:
    input: /CGF/Bioinformatics/Production/Wen/20191120_pacbio_24320/bam_location_post/UST1035-2000_SC061920.bam
    output: /scratch/lix33/lxwg/Test/pacbio/06_04_2021/sv/Signature/UST1035-2000_SC061920.svsig.gz
    jobid: 3
    wildcards: sample=UST1035-2000_SC061920

Submitted job 3 with external jobid 'Your job 1798264 ("snakejob.discover_signatures.3.sh") has been submitted'.

[Thu Jun 10 17:50:38 2021]
rule discover_signatures:
    input: /CGF/Bioinformatics/Production/Wen/20191120_pacbio_24320/bam_location_post/UST1008-2000_SC064818.bam
    output: /scratch/lix33/lxwg/Test/pacbio/06_04_2021/sv/Signature/UST1008-2000_SC064818.svsig.gz
    jobid: 1
    wildcards: sample=UST1008-2000_SC064818

Submitted job 1 with external jobid 'Your job 1798265 ("snakejob.discover_signatures.1.sh") has been submitted'.

[Thu Jun 10 17:50:38 2021]
rule discover_signatures:
    input: /CGF/Bioinformatics/Production/Wen/20191120_pacbio_24320/bam_location_post/UST1030-2000_SC061903.bam
    output: /scratch/lix33/lxwg/Test/pacbio/06_04_2021/sv/Signature/UST1030-2000_SC061903.svsig.gz
    jobid: 6
    wildcards: sample=UST1030-2000_SC061903

Submitted job 6 with external jobid 'Your job 1798266 ("snakejob.discover_signatures.6.sh") has been submitted'.

[Thu Jun 10 17:50:38 2021]
rule discover_signatures:
    input: /CGF/Bioinformatics/Production/Wen/20191120_pacbio_24320/bam_location_post/UST1009-2000_SC064814.bam
    output: /scratch/lix33/lxwg/Test/pacbio/06_04_2021/sv/Signature/UST1009-2000_SC064814.svsig.gz
    jobid: 8
    wildcards: sample=UST1009-2000_SC064814

Submitted job 8 with external jobid 'Your job 1798267 ("snakejob.discover_signatures.8.sh") has been submitted'.

[Thu Jun 10 17:50:38 2021]
rule discover_signatures:
    input: /CGF/Bioinformatics/Production/Wen/20191120_pacbio_24320/bam_location_post/UST1041-2000_SC061909.bam
    output: /scratch/lix33/lxwg/Test/pacbio/06_04_2021/sv/Signature/UST1041-2000_SC061909.svsig.gz
    jobid: 4
    wildcards: sample=UST1041-2000_SC061909

Submitted job 4 with external jobid 'Your job 1798268 ("snakejob.discover_signatures.4.sh") has been submitted'.

[Thu Jun 10 17:50:39 2021]
rule discover_signatures:
    input: /CGF/Bioinformatics/Production/Wen/20191120_pacbio_24320/bam_location_post/UST1159-2000_SC066150.bam
    output: /scratch/lix33/lxwg/Test/pacbio/06_04_2021/sv/Signature/UST1159-2000_SC066150.svsig.gz
    jobid: 7
    wildcards: sample=UST1159-2000_SC066150

Submitted job 7 with external jobid 'Your job 1798269 ("snakejob.discover_signatures.7.sh") has been submitted'.
[Thu Jun 10 17:51:08 2021]
Finished job 5.
1 of 10 steps (10%) done
[Thu Jun 10 17:51:08 2021]
Finished job 2.
2 of 10 steps (20%) done
[Thu Jun 10 17:51:08 2021]
Finished job 3.
3 of 10 steps (30%) done
[Thu Jun 10 17:51:08 2021]
Finished job 1.
4 of 10 steps (40%) done
[Thu Jun 10 17:51:08 2021]
Finished job 6.
5 of 10 steps (50%) done
[Thu Jun 10 17:51:08 2021]
Finished job 8.
6 of 10 steps (60%) done
[Thu Jun 10 17:51:08 2021]
Finished job 4.
7 of 10 steps (70%) done
[Thu Jun 10 17:51:08 2021]
Finished job 7.
8 of 10 steps (80%) done

[Thu Jun 10 17:51:08 2021]
rule call_sv:
    input: /DCEG/CGF/TempFileSwap/Kristie/References/GRCh38.p2.maimcontigs.fa, /scratch/lix33/lxwg/Test/pacbio/06_04_2021/sv/Signature/UST1008-2000_SC064818.svsig.gz, /scratch/lix33/lxwg/Test/pacbio/06_04_2021/sv/Signature/UST1037-2000_SC061918.svsig.gz, /scratch/lix33/lxwg/Test/pacbio/06_04_2021/sv/Signature/UST1035-2000_SC061920.svsig.gz, /scratch/lix33/lxwg/Test/pacbio/06_04_2021/sv/Signature/UST1041-2000_SC061909.svsig.gz, /scratch/lix33/lxwg/Test/pacbio/06_04_2021/sv/Signature/UST1013-2000_SC064821.svsig.gz, /scratch/lix33/lxwg/Test/pacbio/06_04_2021/sv/Signature/UST1030-2000_SC061903.svsig.gz, /scratch/lix33/lxwg/Test/pacbio/06_04_2021/sv/Signature/UST1159-2000_SC066150.svsig.gz, /scratch/lix33/lxwg/Test/pacbio/06_04_2021/sv/Signature/UST1009-2000_SC064814.svsig.gz
    output: /scratch/lix33/lxwg/Test/pacbio/06_04_2021/sv/Result/sv.vcf
    jobid: 9
    threads: 4

Submitted job 9 with external jobid 'Your job 1798271 ("snakejob.call_sv.9.sh") has been submitted'.
[Thu Jun 10 17:52:38 2021]
Finished job 9.
9 of 10 steps (90%) done

[Thu Jun 10 17:52:38 2021]
localrule all:
    input: /scratch/lix33/lxwg/Test/pacbio/06_04_2021/sv/Signature/UST1008-2000_SC064818.svsig.gz, /scratch/lix33/lxwg/Test/pacbio/06_04_2021/sv/Signature/UST1037-2000_SC061918.svsig.gz, /scratch/lix33/lxwg/Test/pacbio/06_04_2021/sv/Signature/UST1035-2000_SC061920.svsig.gz, /scratch/lix33/lxwg/Test/pacbio/06_04_2021/sv/Signature/UST1041-2000_SC061909.svsig.gz, /scratch/lix33/lxwg/Test/pacbio/06_04_2021/sv/Signature/UST1013-2000_SC064821.svsig.gz, /scratch/lix33/lxwg/Test/pacbio/06_04_2021/sv/Signature/UST1030-2000_SC061903.svsig.gz, /scratch/lix33/lxwg/Test/pacbio/06_04_2021/sv/Signature/UST1159-2000_SC066150.svsig.gz, /scratch/lix33/lxwg/Test/pacbio/06_04_2021/sv/Signature/UST1009-2000_SC064814.svsig.gz, /scratch/lix33/lxwg/Test/pacbio/06_04_2021/sv/Result/sv.vcf
    jobid: 0

[Thu Jun 10 17:52:38 2021]
Finished job 0.
10 of 10 steps (100%) done
Complete log: /scratch/lix33/lxwg/SourceCode/PacbioSV/SourceCode/.snakemake/log/2021-06-10T175037.386246.snakemake.log
